2018-05-07 02:33:12 (Thread 1) New block to mine at height 173781 w/ difficulty of 1362464245
2018-05-07 02:33:12 (Thread 1) Clear values for connected workers in redis database.
2018-05-07 02:33:12 (Thread 1) Clear values for port 3331 in redis database.
2018-05-07 02:33:12 (Thread 1) Started server listening on port 3331
2018-05-07 02:33:12 (Thread 1) Clear values for port 4441 in redis database.
2018-05-07 02:33:12 (Thread 1) Started server listening on port 4441
2018-05-07 02:33:12 (Thread 1) Clear values for port 5551 in redis database.
2018-05-07 02:33:12 (Thread 1) Started server listening on port 5551
2018-05-07 02:33:12 (Thread 1) Clear values for port 7771 in redis database.
2018-05-07 02:33:12 (Thread 1) Started server listening on port 7771
2018-05-07 02:33:12 (Thread 1) Clear values for port 8881 in redis database.
2018-05-07 02:33:12 (Thread 1) Started server listening on port 8881
2018-05-07 02:33:33 (Thread 1) Miner connected 5mmbXA2SmUCLtjH2qzTR1h6wAhMjXoRxAcJeDRWnu1b6ENMe1yWfQfa3VdvRH68iWkinDbDUVCE9s5CZntUznw4W7rhTFvE@::ffff:202.134.2.13 on port 3331
2018-05-07 02:33:33 (Thread 1) Worker Name: TestWorker
2018-05-07 02:33:33 (Thread 1) Miner difficulty fixed to 5000
2018-05-07 02:35:06 (Thread 1) Accepted valid share at difficulty 5000/10935 from 5mmbXA2SmUCLtjH2qzTR1h6wAhMjXoRxAcJeDRWnu1b6ENMe1yWfQfa3VdvRH68iWkinDbDUVCE9s5CZntUznw4W7rhTFvE@::ffff:202.134.2.13
2018-05-07 02:35:29 (Thread 1) Accepted valid share at difficulty 5000/18936 from 5mmbXA2SmUCLtjH2qzTR1h6wAhMjXoRxAcJeDRWnu1b6ENMe1yWfQfa3VdvRH68iWkinDbDUVCE9s5CZntUznw4W7rhTFvE@::ffff:202.134.2.13
2018-05-07 02:35:42 (Thread 1) Retargetting difficulty 5000 to 10000 for 5mmbXA2SmUCLtjH2qzTR1h6wAhMjXoRxAcJeDRWnu1b6ENMe1yWfQfa3VdvRH68iWkinDbDUVCE9s5CZntUznw4W7rhTFvE
2018-05-07 02:38:12 (Thread 1) Retargetting difficulty 10000 to 7362 for 5mmbXA2SmUCLtjH2qzTR1h6wAhMjXoRxAcJeDRWnu1b6ENMe1yWfQfa3VdvRH68iWkinDbDUVCE9s5CZntUznw4W7rhTFvE
2018-05-07 02:38:57 (Thread 1) Accepted valid share at difficulty 7362/25423 from 5mmbXA2SmUCLtjH2qzTR1h6wAhMjXoRxAcJeDRWnu1b6ENMe1yWfQfa3VdvRH68iWkinDbDUVCE9s5CZntUznw4W7rhTFvE@::ffff:202.134.2.13
2018-05-07 02:39:12 (Thread 1) Retargetting difficulty 7362 to 14724 for 5mmbXA2SmUCLtjH2qzTR1h6wAhMjXoRxAcJeDRWnu1b6ENMe1yWfQfa3VdvRH68iWkinDbDUVCE9s5CZntUznw4W7rhTFvE
2018-05-07 02:41:42 (Thread 1) Retargetting difficulty 14724 to 10708 for 5mmbXA2SmUCLtjH2qzTR1h6wAhMjXoRxAcJeDRWnu1b6ENMe1yWfQfa3VdvRH68iWkinDbDUVCE9s5CZntUznw4W7rhTFvE
2018-05-07 02:44:09 (Thread 1) Miner connected 5mmbXA2SmUCLtjH2qzTR1h6wAhMjXoRxAcJeDRWnu1b6ENMe1yWfQfa3VdvRH68iWkinDbDUVCE9s5CZntUznw4W7rhTFvE@::ffff:182.169.206.57 on port 3331
2018-05-07 02:44:09 (Thread 1) Worker Name: TestWorker
2018-05-07 02:44:09 (Thread 1) Miner difficulty fixed to 5000
2018-05-07 02:44:42 (Thread 1) Retargetting difficulty 10708 to 7139 for 5mmbXA2SmUCLtjH2qzTR1h6wAhMjXoRxAcJeDRWnu1b6ENMe1yWfQfa3VdvRH68iWkinDbDUVCE9s5CZntUznw4W7rhTFvE
2018-05-07 02:45:54 (Thread 1) Accepted valid share at difficulty 5000/19132 from 5mmbXA2SmUCLtjH2qzTR1h6wAhMjXoRxAcJeDRWnu1b6ENMe1yWfQfa3VdvRH68iWkinDbDUVCE9s5CZntUznw4W7rhTFvE@::ffff:182.169.206.57
2018-05-07 02:47:27 (Thread 1) Accepted valid share at difficulty 5000/7610 from 5mmbXA2SmUCLtjH2qzTR1h6wAhMjXoRxAcJeDRWnu1b6ENMe1yWfQfa3VdvRH68iWkinDbDUVCE9s5CZntUznw4W7rhTFvE@::ffff:182.169.206.57
2018-05-07 08:44:26 (Thread 1) New block to mine at height 173956 w/ difficulty of 1229677373
2018-05-07 08:44:26 (Thread 1) Clear values for connected workers in redis database.
2018-05-07 08:44:26 (Thread 1) Clear values for port 3331 in redis database.
2018-05-07 08:44:26 (Thread 1) Started server listening on port 3331
2018-05-07 08:44:26 (Thread 1) Clear values for port 4441 in redis database.
2018-05-07 08:44:26 (Thread 1) Started server listening on port 4441
2018-05-07 08:44:26 (Thread 1) Clear values for port 5551 in redis database.
2018-05-07 08:44:26 (Thread 1) Started server listening on port 5551
2018-05-07 08:44:26 (Thread 1) Clear values for port 7771 in redis database.
2018-05-07 08:44:26 (Thread 1) Started server listening on port 7771
2018-05-07 08:44:26 (Thread 1) Clear values for port 8881 in redis database.
2018-05-07 08:44:26 (Thread 1) Started server listening on port 8881
2018-05-07 08:45:10 (Thread 1) New block to mine at height 173956 w/ difficulty of 1229677373
2018-05-07 08:45:10 (Thread 1) Clear values for connected workers in redis database.
2018-05-07 08:45:10 (Thread 1) Clear values for port 3331 in redis database.
2018-05-07 08:45:10 (Thread 1) Started server listening on port 3331
2018-05-07 08:45:10 (Thread 1) Clear values for port 4441 in redis database.
2018-05-07 08:45:10 (Thread 1) Started server listening on port 4441
2018-05-07 08:45:10 (Thread 1) Clear values for port 5551 in redis database.
2018-05-07 08:45:10 (Thread 1) Started server listening on port 5551
2018-05-07 08:45:10 (Thread 1) Clear values for port 7771 in redis database.
2018-05-07 08:45:10 (Thread 1) Started server listening on port 7771
2018-05-07 08:45:10 (Thread 1) Clear values for port 8881 in redis database.
2018-05-07 08:45:10 (Thread 1) Started server listening on port 8881
2018-05-07 08:46:47 (Thread 1) New block to mine at height 173957 w/ difficulty of 955449410
2018-05-07 08:47:03 (Thread 1) New block to mine at height 173958 w/ difficulty of 936417149
2018-05-07 08:47:11 (Thread 1) New block to mine at height 173959 w/ difficulty of 956411612
2018-05-07 08:47:29 (Thread 1) New block to mine at height 173959 w/ difficulty of 956411612
2018-05-07 08:47:29 (Thread 1) Clear values for connected workers in redis database.
2018-05-07 08:47:29 (Thread 1) Clear values for port 3333 in redis database.
2018-05-07 08:47:29 (Thread 1) Started server listening on port 3333
2018-05-07 08:47:29 (Thread 1) Clear values for port 4444 in redis database.
2018-05-07 08:47:29 (Thread 1) Started server listening on port 4444
2018-05-07 08:47:29 (Thread 1) Clear values for port 5555 in redis database.
2018-05-07 08:47:30 (Thread 1) Started server listening on port 5555
2018-05-07 08:47:30 (Thread 1) Clear values for port 7777 in redis database.
2018-05-07 08:47:30 (Thread 1) Started server listening on port 7777
2018-05-07 08:47:30 (Thread 1) Clear values for port 8888 in redis database.
2018-05-07 08:47:30 (Thread 1) Started server listening on port 8888
2018-05-07 08:48:29 (Thread 1) New block to mine at height 173960 w/ difficulty of 979492229
2018-05-07 08:48:36 (Thread 1) New block to mine at height 173961 w/ difficulty of 988204682
2018-05-07 08:48:43 (Thread 1) New block to mine at height 173962 w/ difficulty of 1013602008
2018-05-07 08:49:44 (Thread 1) New block to mine at height 173963 w/ difficulty of 1040766567
2018-05-07 08:50:27 (Thread 1) New block to mine at height 173964 w/ difficulty of 1055494802
2018-05-07 08:51:26 (Thread 1) New block to mine at height 173965 w/ difficulty of 1075532353
2018-05-07 08:52:31 (Thread 1) New block to mine at height 173966 w/ difficulty of 1092213364
2018-05-07 08:53:27 (Thread 1) New block to mine at height 173967 w/ difficulty of 1107732736
2018-05-07 08:53:41 (Thread 1) New block to mine at height 173968 w/ difficulty of 1126709769
2018-05-07 08:54:17 (Thread 1) New block to mine at height 173969 w/ difficulty of 1159194632
2018-05-07 08:56:57 (Thread 1) New block to mine at height 173970 w/ difficulty of 1185996109
2018-05-07 08:57:43 (Thread 1) New block to mine at height 173971 w/ difficulty of 1172866205
2018-05-07 08:58:09 (Thread 1) New block to mine at height 173972 w/ difficulty of 1197678370
2018-05-07 08:59:41 (Thread 1) New block to mine at height 173973 w/ difficulty of 1229916004
2018-05-07 09:00:02 (Thread 1) New block to mine at height 173974 w/ difficulty of 1240297531
2018-05-07 09:00:06 (Thread 1) New block to mine at height 173975 w/ difficulty of 1277235106
2018-05-07 09:00:20 (Thread 1) New block to mine at height 173976 w/ difficulty of 1323054183
2018-05-07 09:00:44 (Thread 1) New block to mine at height 173977 w/ difficulty of 1368319505
2018-05-07 09:01:59 (Thread 1) New block to mine at height 173978 w/ difficulty of 1411759998
2018-05-07 09:02:30 (Thread 1) New block to mine at height 173979 w/ difficulty of 1432916614
2018-05-07 09:07:37 (Thread 1) New block to mine at height 173980 w/ difficulty of 1477376959
2018-05-07 09:08:53 (Thread 1) New block to mine at height 173981 w/ difficulty of 1386709912
2018-05-07 09:15:55 (Thread 1) New block to mine at height 173982 w/ difficulty of 1405985992
2018-05-07 09:18:48 (Thread 1) New block to mine at height 173983 w/ difficulty of 1279007998
2018-05-07 09:20:34 (Thread 1) New block to mine at height 173984 w/ difficulty of 1258302539
2018-05-07 09:21:07 (Thread 1) New block to mine at height 173985 w/ difficulty of 1263172822
2018-05-07 09:24:35 (Thread 1) New block to mine at height 173986 w/ difficulty of 1296019718
2018-05-07 09:26:17 (Thread 1) New block to mine at height 173987 w/ difficulty of 1262674197
2018-05-07 09:26:45 (Thread 1) New block to mine at height 173988 w/ difficulty of 1269124919
2018-05-07 09:30:39 (Thread 1) New block to mine at height 173989 w/ difficulty of 1303743894
2018-05-07 09:31:01 (Thread 1) New block to mine at height 173990 w/ difficulty of 1260587746
2018-05-07 09:32:19 (Thread 1) New block to mine at height 173991 w/ difficulty of 1297170407
2018-05-07 09:40:35 (Thread 1) New block to mine at height 173992 w/ difficulty of 1313567105
2018-05-07 09:42:01 (Thread 1) New block to mine at height 173993 w/ difficulty of 1179400663
2018-05-07 09:44:21 (Thread 1) New block to mine at height 173994 w/ difficulty of 1190070370
2018-05-07 09:45:08 (Thread 1) New block to mine at height 173995 w/ difficulty of 1184194425
2018-05-07 09:45:37 (Thread 1) New block to mine at height 173996 w/ difficulty of 1207620104
2018-05-07 09:46:43 (Thread 1) New block to mine at height 173997 w/ difficulty of 1238950633
2018-05-07 09:48:18 (Thread 1) New block to mine at height 173998 w/ difficulty of 1257970312
2018-05-07 09:48:35 (Thread 1) New block to mine at height 173999 w/ difficulty of 1267106353
2018-05-07 09:48:46 (Thread 1) New block to mine at height 174000 w/ difficulty of 1305714887
2018-05-07 09:49:19 (Thread 1) New block to mine at height 174001 w/ difficulty of 1348601823
2018-05-07 09:50:03 (Thread 1) New block to mine at height 174002 w/ difficulty of 1384873396
2018-05-07 09:56:01 (Thread 1) New block to mine at height 174003 w/ difficulty of 1417905253
2018-05-07 10:24:59 (Thread 1) New block to mine at height 174004 w/ difficulty of 1316731648
2018-05-07 10:27:55 (Thread 1) New block to mine at height 174005 w/ difficulty of 996917130
2018-05-07 10:28:13 (Thread 1) New block to mine at height 174006 w/ difficulty of 983872298
2018-05-07 10:29:44 (Thread 1) New block to mine at height 174007 w/ difficulty of 1006314274
2018-05-07 10:29:52 (Thread 1) New block to mine at height 174008 w/ difficulty of 1012455829
2018-05-07 10:30:01 (Thread 1) New block to mine at height 174009 w/ difficulty of 1038777097
2018-05-07 10:30:59 (Thread 1) New block to mine at height 174010 w/ difficulty of 1066466558
2018-05-07 10:31:03 (Thread 1) New block to mine at height 174011 w/ difficulty of 1082269089
2018-05-07 10:31:40 (Thread 1) New block to mine at height 174012 w/ difficulty of 1114279493
2018-05-07 10:32:17 (Thread 1) New block to mine at height 174013 w/ difficulty of 1138440801
2018-05-07 10:33:00 (Thread 1) New block to mine at height 174014 w/ difficulty of 1163776578
2018-05-07 10:33:55 (Thread 1) New block to mine at height 174015 w/ difficulty of 1188412739
2018-05-07 10:34:24 (Thread 1) New block to mine at height 174016 w/ difficulty of 1210810527
2018-05-07 10:35:42 (Thread 1) New block to mine at height 174017 w/ difficulty of 1242224619
2018-05-07 10:36:19 (Thread 1) New block to mine at height 174018 w/ difficulty of 1256536148
2018-05-07 10:36:36 (Thread 1) New block to mine at height 174019 w/ difficulty of 1286857723
2018-05-07 10:37:18 (Thread 1) New block to mine at height 174020 w/ difficulty of 1326445315
2018-05-07 10:39:37 (Thread 1) New block to mine at height 174021 w/ difficulty of 1357623697
2018-05-07 10:40:04 (Thread 1) New block to mine at height 174022 w/ difficulty of 1348860242
2018-05-07 10:41:51 (Thread 1) New block to mine at height 174023 w/ difficulty of 1387345156
2018-05-07 11:07:10 (Thread 1) New block to mine at height 174024 w/ difficulty of 1392127617
2018-05-07 11:10:39 (Thread 1) New block to mine at height 174025 w/ difficulty of 1042161009
2018-05-07 11:12:17 (Thread 1) New block to mine at height 174026 w/ difficulty of 1020755322
2018-05-07 11:13:47 (Thread 1) New block to mine at height 174027 w/ difficulty of 1025949783
2018-05-07 11:14:47 (Thread 1) New block to mine at height 174028 w/ difficulty of 1032844208
2018-05-07 11:16:23 (Thread 1) New block to mine at height 174029 w/ difficulty of 1047380382
2018-05-07 11:16:28 (Thread 1) New block to mine at height 174030 w/ difficulty of 1053037122
2018-05-07 11:17:09 (Thread 1) New block to mine at height 174031 w/ difficulty of 1081920362
2018-05-07 11:17:24 (Thread 1) New block to mine at height 174032 w/ difficulty of 1102693657
2018-05-07 11:18:25 (Thread 1) New block to mine at height 174033 w/ difficulty of 1132663194
2018-05-07 11:18:45 (Thread 1) New block to mine at height 174034 w/ difficulty of 1149563348
2018-05-07 11:19:43 (Thread 1) New block to mine at height 174035 w/ difficulty of 1180114903
2018-05-07 11:20:03 (Thread 1) New block to mine at height 174036 w/ difficulty of 1200200552
2018-05-07 11:20:07 (Thread 1) New block to mine at height 174037 w/ difficulty of 1233663717
2018-05-07 11:21:31 (Thread 1) New block to mine at height 174038 w/ difficulty of 1275026187
2018-05-07 11:22:15 (Thread 1) New block to mine at height 174039 w/ difficulty of 1288046649
2018-05-07 11:23:20 (Thread 1) New block to mine at height 174040 w/ difficulty of 1317407271
2018-05-07 11:27:04 (Thread 1) New block to mine at height 174041 w/ difficulty of 1339989212
2018-05-07 11:27:48 (Thread 1) New block to mine at height 174042 w/ difficulty of 1298174474
2018-05-07 11:51:59 (Thread 1) New block to mine at height 174043 w/ difficulty of 1328523508
2018-05-07 11:53:08 (Thread 1) New block to mine at height 174044 w/ difficulty of 1000267792
2018-05-07 11:55:01 (Thread 1) New block to mine at height 174045 w/ difficulty of 1011621717
2018-05-07 11:55:36 (Thread 1) New block to mine at height 174046 w/ difficulty of 1012396387
2018-05-07 11:55:40 (Thread 1) New block to mine at height 174047 w/ difficulty of 1032265652
2018-05-07 11:55:46 (Thread 1) New block to mine at height 174048 w/ difficulty of 1061273420
2018-05-07 11:56:00 (Thread 1) New block to mine at height 174049 w/ difficulty of 1091676697
2018-05-07 11:56:19 (Thread 1) New block to mine at height 174050 w/ difficulty of 1121742447
2018-05-07 11:57:27 (Thread 1) New block to mine at height 174051 w/ difficulty of 1152481452
2018-05-07 11:59:31 (Thread 1) New block to mine at height 174052 w/ difficulty of 1168531623
2018-05-07 12:00:13 (Thread 1) New block to mine at height 174053 w/ difficulty of 1167234966
2018-05-07 12:02:22 (Thread 1) New block to mine at height 174054 w/ difficulty of 1192699961
2018-05-07 12:02:32 (Thread 1) New block to mine at height 174055 w/ difficulty of 1189980241
2018-05-07 12:02:38 (Thread 1) New block to mine at height 174056 w/ difficulty of 1227682099
2018-05-07 12:04:32 (Thread 1) New block to mine at height 174057 w/ difficulty of 1269343297
2018-05-07 12:07:11 (Thread 1) New block to mine at height 174058 w/ difficulty of 1271152859
2018-05-07 12:07:25 (Thread 1) New block to mine at height 174059 w/ difficulty of 1256850888
2018-05-07 12:07:29 (Thread 1) New block to mine at height 174060 w/ difficulty of 1297032519
2018-05-07 12:07:43 (Thread 1) New block to mine at height 174061 w/ difficulty of 1344553072
2018-05-07 12:09:21 (Thread 1) New block to mine at height 174062 w/ difficulty of 1391156522
2018-05-07 12:12:17 (Thread 1) New block to mine at height 174063 w/ difficulty of 1401277897
2018-05-07 12:15:33 (Thread 1) New block to mine at height 174064 w/ difficulty of 1376063392
2018-05-07 12:16:04 (Thread 1) New block to mine at height 174065 w/ difficulty of 1342990971
2018-05-07 12:20:06 (Thread 1) New block to mine at height 174066 w/ difficulty of 1380250606
2018-05-07 12:21:19 (Thread 1) New block to mine at height 174067 w/ difficulty of 1326851528
2018-05-07 12:21:32 (Thread 1) New block to mine at height 174068 w/ difficulty of 1345319366
2018-05-07 12:26:18 (Thread 1) New block to mine at height 174069 w/ difficulty of 1390794863
2018-05-07 12:29:41 (Thread 1) New block to mine at height 174070 w/ difficulty of 1319131886
2018-05-07 12:49:37 (Thread 1) New block to mine at height 174071 w/ difficulty of 1287261363
2018-05-07 12:53:18 (Thread 1) New block to mine at height 174072 w/ difficulty of 978555901
2018-05-07 12:55:18 (Thread 1) New block to mine at height 174073 w/ difficulty of 956547060
2018-05-07 12:56:15 (Thread 1) New block to mine at height 174074 w/ difficulty of 956094074
2018-05-07 12:56:42 (Thread 1) New block to mine at height 174075 w/ difficulty of 968533970
2018-05-07 12:58:31 (Thread 1) New block to mine at height 174076 w/ difficulty of 988550068
2018-05-07 12:58:34 (Thread 1) New block to mine at height 174077 w/ difficulty of 990407399
2018-05-07 12:59:32 (Thread 1) New block to mine at height 174078 w/ difficulty of 1016844493
2018-05-07 12:59:46 (Thread 1) New block to mine at height 174079 w/ difficulty of 1031958672
2018-05-07 13:00:15 (Thread 1) New block to mine at height 174080 w/ difficulty of 1058039915
2018-05-07 13:00:18 (Thread 1) New block to mine at height 174081 w/ difficulty of 1082139953
2018-05-07 13:01:05 (Thread 1) New block to mine at height 174082 w/ difficulty of 1115173707
2018-05-07 13:01:43 (Thread 1) New block to mine at height 174083 w/ difficulty of 1136980883
2018-05-07 13:02:03 (Thread 1) New block to mine at height 174084 w/ difficulty of 1162727537
2018-05-07 13:02:52 (Thread 1) New block to mine at height 174085 w/ difficulty of 1195949956
2018-05-07 13:03:24 (Thread 1) New block to mine at height 174086 w/ difficulty of 1220190318
2018-05-07 13:05:34 (Thread 1) New block to mine at height 174087 w/ difficulty of 1251118313
2018-05-07 13:05:46 (Thread 1) New block to mine at height 174088 w/ difficulty of 1247225298
2018-05-07 13:06:45 (Thread 1) New block to mine at height 174089 w/ difficulty of 1287816389
2018-05-07 13:15:58 (Thread 1) New block to mine at height 174090 w/ difficulty of 1311245273
2018-05-07 13:19:20 (Thread 1) New block to mine at height 174091 w/ difficulty of 1157308813
2018-05-07 13:19:54 (Thread 1) New block to mine at height 174092 w/ difficulty of 1131873686
2018-05-07 13:21:13 (Thread 1) New block to mine at height 174093 w/ difficulty of 1158032170
2018-05-07 13:27:58 (Thread 1) New block to mine at height 174094 w/ difficulty of 1170885006
2018-05-07 13:28:11 (Thread 1) New block to mine at height 174095 w/ difficulty of 1086718215
2018-05-07 13:28:39 (Thread 1) New block to mine at height 174096 w/ difficulty of 1116508299
2018-05-07 13:30:43 (Thread 1) New block to mine at height 174097 w/ difficulty of 1144103254
2018-05-07 13:32:38 (Thread 1) New block to mine at height 174098 w/ difficulty of 1142807283
2018-05-07 13:33:06 (Thread 1) New block to mine at height 174099 w/ difficulty of 1143961525
2018-05-07 13:34:45 (Thread 1) New block to mine at height 174100 w/ difficulty of 1173165095
2018-05-07 13:35:16 (Thread 1) New block to mine at height 174101 w/ difficulty of 1180007461
2018-05-07 13:38:07 (Thread 1) New block to mine at height 174102 w/ difficulty of 1209616427
2018-05-07 13:38:37 (Thread 1) New block to mine at height 174103 w/ difficulty of 1192676519
2018-05-07 13:40:16 (Thread 1) New block to mine at height 174104 w/ difficulty of 1223399066
2018-05-07 13:41:13 (Thread 1) New block to mine at height 174105 w/ difficulty of 1230795138
2018-05-07 13:48:48 (Thread 1) New block to mine at height 174106 w/ difficulty of 1252830209
2018-05-07 13:58:49 (Thread 1) New block to mine at height 174107 w/ difficulty of 1140955066
2018-05-07 13:59:07 (Thread 1) New block to mine at height 174108 w/ difficulty of 1011076622
2018-05-07 14:01:12 (Thread 1) New block to mine at height 174109 w/ difficulty of 1036073516
2018-05-07 14:01:15 (Thread 1) New block to mine at height 174110 w/ difficulty of 1034915692
2018-05-07 14:01:56 (Thread 1) New block to mine at height 174111 w/ difficulty of 1064848541
2018-05-07 14:02:08 (Thread 1) New block to mine at height 174112 w/ difficulty of 1085791252
2018-05-07 14:04:46 (Thread 1) New block to mine at height 174113 w/ difficulty of 1116635128
2018-05-07 14:05:09 (Thread 1) New block to mine at height 174114 w/ difficulty of 1105258353
2018-05-07 14:05:28 (Thread 1) New block to mine at height 174115 w/ difficulty of 1133693825
2018-05-07 14:06:06 (Thread 1) New block to mine at height 174116 w/ difficulty of 1165306895
2018-05-07 14:06:13 (Thread 1) New block to mine at height 174117 w/ difficulty of 1191731513
2018-05-07 14:06:46 (Thread 1) New block to mine at height 174118 w/ difficulty of 1230757084
2018-05-07 14:07:58 (Thread 1) New block to mine at height 174119 w/ difficulty of 1262608142
2018-05-07 14:28:54 (Thread 1) New block to mine at height 174120 w/ difficulty of 955482112
2018-05-07 14:30:38 (Thread 1) New block to mine at height 174121 w/ difficulty of 968813900
2018-05-07 14:32:30 (Thread 1) New block to mine at height 174122 w/ difficulty of 971760488
2018-05-07 14:32:40 (Thread 1) New block to mine at height 174123 w/ difficulty of 972479523
2018-05-07 14:33:49 (Thread 1) New block to mine at height 174124 w/ difficulty of 997598340
2018-05-07 14:33:56 (Thread 1) New block to mine at height 174125 w/ difficulty of 1009206527
2018-05-07 14:34:45 (Thread 1) New block to mine at height 174126 w/ difficulty of 1037554172
2018-05-07 14:34:58 (Thread 1) New block to mine at height 174127 w/ difficulty of 1056859081
2018-05-07 14:35:17 (Thread 1) New block to mine at height 174128 w/ difficulty of 1086613848
2018-05-07 14:35:27 (Thread 1) New block to mine at height 174129 w/ difficulty of 1116836408
2018-05-07 14:35:34 (Thread 1) New block to mine at height 174130 w/ difficulty of 1151696644
2018-05-07 14:35:38 (Thread 1) New block to mine at height 174131 w/ difficulty of 1190664190
2018-05-07 14:35:55 (Thread 1) New block to mine at height 174132 w/ difficulty of 1233146536
2018-05-07 14:36:21 (Thread 1) New block to mine at height 174133 w/ difficulty of 1271687143
2018-05-07 14:40:43 (Thread 1) New block to mine at height 174134 w/ difficulty of 1308789764
2018-05-07 14:50:04 (Thread 1) New block to mine at height 174135 w/ difficulty of 1145433716
2018-05-07 14:56:45 (Thread 1) New block to mine at height 174136 w/ difficulty of 1102030533
2018-05-07 14:58:14 (Thread 1) New block to mine at height 174137 w/ difficulty of 1024690891
2018-05-07 14:59:27 (Thread 1) New block to mine at height 174138 w/ difficulty of 1032291704
2018-05-07 15:01:50 (Thread 1) New block to mine at height 174139 w/ difficulty of 1044754204
2018-05-07 15:02:05 (Thread 1) New block to mine at height 174140 w/ difficulty of 1038321949
2018-05-07 15:04:28 (Thread 1) New block to mine at height 174141 w/ difficulty of 1066449031
2018-05-07 15:04:34 (Thread 1) New block to mine at height 174142 w/ difficulty of 1060027107
2018-05-07 15:04:45 (Thread 1) New block to mine at height 174143 w/ difficulty of 1092010043
2018-05-07 15:04:52 (Thread 1) New block to mine at height 174144 w/ difficulty of 1124513669
2018-05-07 15:05:24 (Thread 1) New block to mine at height 174145 w/ difficulty of 1160376122
2018-05-07 15:05:53 (Thread 1) New block to mine at height 174146 w/ difficulty of 1189959001
2018-05-07 15:06:13 (Thread 1) New block to mine at height 174147 w/ difficulty of 1222219665
2018-05-07 15:07:35 (Thread 1) New block to mine at height 174148 w/ difficulty of 1259799873
2018-05-07 15:14:01 (Thread 1) New block to mine at height 174149 w/ difficulty of 1274650163
2018-05-07 15:20:37 (Thread 1) New block to mine at height 174150 w/ difficulty of 1177333866
2018-05-07 15:21:23 (Thread 1) New block to mine at height 174151 w/ difficulty of 1090867422
2018-05-07 15:23:11 (Thread 1) New block to mine at height 174152 w/ difficulty of 1112764759
2018-05-07 15:23:55 (Thread 1) New block to mine at height 174153 w/ difficulty of 1116653351
2018-05-07 15:25:39 (Thread 1) New block to mine at height 174154 w/ difficulty of 1139979651
2018-05-07 15:27:24 (Thread 1) New block to mine at height 174155 w/ difficulty of 1145394956
2018-05-07 15:27:34 (Thread 1) New block to mine at height 174156 w/ difficulty of 1150100769
2018-05-07 15:31:30 (Thread 1) New block to mine at height 174157 w/ difficulty of 1186375049
2018-05-07 15:33:22 (Thread 1) New block to mine at height 174158 w/ difficulty of 1148004121
2018-05-07 15:42:54 (Thread 1) New block to mine at height 174159 w/ difficulty of 1150208128
2018-05-07 15:48:13 (Thread 1) New block to mine at height 174160 w/ difficulty of 1020516490
2018-05-07 15:48:46 (Thread 1) New block to mine at height 174161 w/ difficulty of 972176866
2018-05-07 15:49:10 (Thread 1) New block to mine at height 174162 w/ difficulty of 992117617
2018-05-07 15:51:14 (Thread 1) New block to mine at height 174163 w/ difficulty of 1015350133
2018-05-07 15:51:23 (Thread 1) New block to mine at height 174164 w/ difficulty of 1014350295
2018-05-07 15:52:09 (Thread 1) New block to mine at height 174165 w/ difficulty of 1043502252
2018-05-07 15:52:21 (Thread 1) New block to mine at height 174166 w/ difficulty of 1063528963
2018-05-07 15:53:32 (Thread 1) New block to mine at height 174167 w/ difficulty of 1095150709
2018-05-07 15:53:53 (Thread 1) New block to mine at height 174168 w/ difficulty of 1109667973
2018-05-07 15:54:03 (Thread 1) New block to mine at height 174169 w/ difficulty of 1140661471
2018-05-07 15:54:20 (Thread 1) New block to mine at height 174170 w/ difficulty of 1177148823
2018-05-07 15:55:38 (Thread 1) New block to mine at height 174171 w/ difficulty of 1213295495
2018-05-07 15:56:20 (Thread 1) New block to mine at height 174172 w/ difficulty of 1228770335
2018-05-07 15:59:12 (Thread 1) New block to mine at height 174173 w/ difficulty of 1257398252
2018-05-07 16:00:47 (Thread 1) New block to mine at height 174174 w/ difficulty of 1237809728
2018-05-07 16:01:12 (Thread 1) New block to mine at height 174175 w/ difficulty of 1246196677
2018-05-07 16:07:49 (Thread 1) New block to mine at height 174176 w/ difficulty of 1283662788
2018-05-07 16:14:28 (Thread 1) New block to mine at height 174177 w/ difficulty of 1180657581
2018-05-07 16:17:07 (Thread 1) New block to mine at height 174178 w/ difficulty of 1092001839
2018-05-07 16:20:20 (Thread 1) New block to mine at height 174179 w/ difficulty of 1080647570
2018-05-07 16:21:22 (Thread 1) New block to mine at height 174180 w/ difficulty of 1059982102
2018-05-07 16:22:25 (Thread 1) New block to mine at height 174181 w/ difficulty of 1076175507
2018-05-07 16:23:57 (Thread 1) New block to mine at height 174182 w/ difficulty of 1092551419
2018-05-07 16:24:55 (Thread 1) New block to mine at height 174183 w/ difficulty of 1100715181
2018-05-07 16:25:02 (Thread 1) New block to mine at height 174184 w/ difficulty of 1119320940
2018-05-07 16:25:46 (Thread 1) New block to mine at height 174185 w/ difficulty of 1154891281
2018-05-07 16:30:12 (Thread 1) New block to mine at height 174186 w/ difficulty of 1179958377
2018-05-07 16:30:26 (Thread 1) New block to mine at height 174187 w/ difficulty of 1132985807
2018-05-07 16:31:09 (Thread 1) New block to mine at height 174188 w/ difficulty of 1167931262
2018-05-07 16:31:57 (Thread 1) New block to mine at height 174189 w/ difficulty of 1191775354
2018-05-07 16:32:56 (Thread 1) New block to mine at height 174190 w/ difficulty of 1217274249
2018-05-07 16:33:57 (Thread 1) New block to mine at height 174191 w/ difficulty of 1239358091
2018-05-07 16:35:32 (Thread 1) New block to mine at height 174192 w/ difficulty of 1261460914
2018-05-07 16:47:32 (Thread 1) New block to mine at height 174193 w/ difficulty of 1070609927
2018-05-07 16:49:02 (Thread 1) New block to mine at height 174194 w/ difficulty of 1073682770
2018-05-07 16:49:44 (Thread 1) New block to mine at height 174195 w/ difficulty of 1081042535
2018-05-07 16:50:11 (Thread 1) New block to mine at height 174196 w/ difficulty of 1104174685
2018-05-07 16:52:02 (Thread 1) New block to mine at height 174197 w/ difficulty of 1131787914
2018-05-07 16:54:40 (Thread 1) New block to mine at height 174198 w/ difficulty of 1134829073
2018-05-07 16:55:13 (Thread 1) New block to mine at height 174199 w/ difficulty of 1122698254
2018-05-07 16:55:24 (Thread 1) New block to mine at height 174200 w/ difficulty of 1149857291
2018-05-07 16:55:32 (Thread 1) New block to mine at height 174201 w/ difficulty of 1185705665
2018-05-07 16:56:07 (Thread 1) New block to mine at height 174202 w/ difficulty of 1224812663
2018-05-07 17:16:14 (Thread 1) New block to mine at height 174203 w/ difficulty of 1255630914
2018-05-07 17:19:54 (Thread 1) New block to mine at height 174204 w/ difficulty of 946807405
2018-05-07 17:21:10 (Thread 1) New block to mine at height 174205 w/ difficulty of 924955790
2018-05-07 17:22:22 (Thread 1) New block to mine at height 174206 w/ difficulty of 933612326
2018-05-07 17:23:13 (Thread 1) New block to mine at height 174207 w/ difficulty of 942708142
2018-05-07 17:23:40 (Thread 1) New block to mine at height 174208 w/ difficulty of 957622800
2018-05-07 17:25:04 (Thread 1) New block to mine at height 174209 w/ difficulty of 978309453
2018-05-07 17:25:10 (Thread 1) New block to mine at height 174210 w/ difficulty of 986073972
2018-05-07 17:25:50 (Thread 1) New block to mine at height 174211 w/ difficulty of 1014122155
2018-05-07 17:25:57 (Thread 1) New block to mine at height 174212 w/ difficulty of 1034203330
2018-05-07 17:26:08 (Thread 1) New block to mine at height 174213 w/ difficulty of 1065185363
2018-05-07 17:28:46 (Thread 1) New block to mine at height 174214 w/ difficulty of 1096677443
2018-05-07 17:36:48 (Thread 1) New block to mine at height 174215 w/ difficulty of 1004229055
2018-05-07 17:36:58 (Thread 1) New block to mine at height 174216 w/ difficulty of 988673635
2018-05-07 17:37:20 (Thread 1) New block to mine at height 174217 w/ difficulty of 1015665089
2018-05-07 17:37:43 (Thread 1) New block to mine at height 174218 w/ difficulty of 1041353084
2018-05-07 17:38:00 (Thread 1) New block to mine at height 174219 w/ difficulty of 1068823698
2018-05-07 17:38:18 (Thread 1) New block to mine at height 174220 w/ difficulty of 1098789304
2018-05-07 17:39:56 (Thread 1) New block to mine at height 174221 w/ difficulty of 1130724487
2018-05-07 17:40:04 (Thread 1) New block to mine at height 174222 w/ difficulty of 1137569271
2018-05-07 17:40:52 (Thread 1) New block to mine at height 174223 w/ difficulty of 1174655244
2018-05-07 17:41:06 (Thread 1) New block to mine at height 174224 w/ difficulty of 1199223609
2018-05-07 17:42:21 (Thread 1) New block to mine at height 174225 w/ difficulty of 1238218035
2018-05-07 17:48:34 (Thread 1) New block to mine at height 174226 w/ difficulty of 1254614531
2018-05-07 18:13:01 (Thread 1) New block to mine at height 174227 w/ difficulty of 1163440464
2018-05-07 18:14:42 (Thread 1) New block to mine at height 174228 w/ difficulty of 888386507
2018-05-07 18:16:22 (Thread 1) New block to mine at height 174229 w/ difficulty of 891326099
2018-05-07 18:16:48 (Thread 1) New block to mine at height 174230 w/ difficulty of 894463181
2018-05-07 18:17:08 (Thread 1) New block to mine at height 174231 w/ difficulty of 912537694
2018-05-07 18:18:27 (Thread 1) New block to mine at height 174232 w/ difficulty of 933321195
2018-05-07 18:18:49 (Thread 1) New block to mine at height 174233 w/ difficulty of 941530121
2018-05-07 18:19:15 (Thread 1) New block to mine at height 174234 w/ difficulty of 963667610
2018-05-07 18:19:24 (Thread 1) New block to mine at height 174235 w/ difficulty of 985948747
2018-05-07 18:19:45 (Thread 1) New block to mine at height 174236 w/ difficulty of 1013977867
2018-05-07 18:20:46 (Thread 1) New block to mine at height 174237 w/ difficulty of 1040585612
2018-05-07 18:20:49 (Thread 1) New block to mine at height 174238 w/ difficulty of 1057197504
2018-05-07 18:20:51 (Thread 1) New block to mine at height 174239 w/ difficulty of 1091524104
2018-05-07 18:25:54 (Thread 1) New block to mine at height 174240 w/ difficulty of 1129121228
2018-05-07 18:26:26 (Thread 1) New block to mine at height 174241 w/ difficulty of 1072117974
2018-05-07 18:27:20 (Thread 1) New block to mine at height 174242 w/ difficulty of 1098336229
2018-05-07 18:27:43 (Thread 1) New block to mine at height 174243 w/ difficulty of 1119086831
2018-05-07 18:27:56 (Thread 1) New block to mine at height 174244 w/ difficulty of 1151068093
2018-05-07 18:28:41 (Thread 1) New block to mine at height 174245 w/ difficulty of 1188881465
2018-05-07 18:30:20 (Thread 1) New block to mine at height 174246 w/ difficulty of 1216611955
2018-05-07 18:30:26 (Thread 1) New block to mine at height 174247 w/ difficulty of 1224176789
2018-05-07 18:32:29 (Thread 1) New block to mine at height 174248 w/ difficulty of 1269256482
2018-05-07 18:35:10 (Thread 1) New block to mine at height 174249 w/ difficulty of 1267737478
2018-05-07 18:45:26 (Thread 1) New block to mine at height 174250 w/ difficulty of 1250953277
2018-05-07 18:50:51 (Thread 1) New block to mine at height 174251 w/ difficulty of 997657823
2018-05-07 18:55:27 (Thread 1) New block to mine at height 174252 w/ difficulty of 1022288244
2018-05-07 18:59:40 (Thread 1) New block to mine at height 174253 w/ difficulty of 982230406
2018-05-07 18:59:45 (Thread 1) New block to mine at height 174254 w/ difficulty of 949650300
2018-05-07 19:00:23 (Thread 1) New block to mine at height 174255 w/ difficulty of 976893316
2018-05-07 19:00:54 (Thread 1) New block to mine at height 174256 w/ difficulty of 997353997
2018-05-07 19:02:14 (Thread 1) New block to mine at height 174257 w/ difficulty of 1020946409
2018-05-07 19:02:50 (Thread 1) New block to mine at height 174258 w/ difficulty of 1031534925
2018-05-07 19:03:05 (Thread 1) New block to mine at height 174259 w/ difficulty of 1054957408
2018-05-07 19:03:26 (Thread 1) New block to mine at height 174260 w/ difficulty of 1086229229
2018-05-07 19:03:59 (Thread 1) New block to mine at height 174261 w/ difficulty of 1117879642
2018-05-07 19:05:37 (Thread 1) New block to mine at height 174262 w/ difficulty of 1147411931
2018-05-07 19:06:32 (Thread 1) New block to mine at height 174263 w/ difficulty of 1154897986
2018-05-07 19:07:21 (Thread 1) New block to mine at height 174264 w/ difficulty of 1178306950
2018-05-07 19:09:19 (Thread 1) New block to mine at height 174265 w/ difficulty of 1203268746
2018-05-07 19:16:13 (Thread 1) New block to mine at height 174266 w/ difficulty of 1203682404
2018-05-07 19:32:22 (Thread 1) New block to mine at height 174267 w/ difficulty of 901000694
2018-05-07 19:34:04 (Thread 1) New block to mine at height 174268 w/ difficulty of 911538233
2018-05-07 19:36:12 (Thread 1) New block to mine at height 174269 w/ difficulty of 914948614
2018-05-07 19:36:50 (Thread 1) New block to mine at height 174270 w/ difficulty of 912957249
2018-05-07 19:37:08 (Thread 1) New block to mine at height 174271 w/ difficulty of 930493825
2018-05-07 19:37:29 (Thread 1) New block to mine at height 174272 w/ difficulty of 954183447
2018-05-07 19:39:27 (Thread 1) New block to mine at height 174273 w/ difficulty of 977973699
2018-05-07 19:39:37 (Thread 1) New block to mine at height 174274 w/ difficulty of 978318268
2018-05-07 19:40:33 (Thread 1) New block to mine at height 174275 w/ difficulty of 1006377846
2018-05-07 19:48:46 (Thread 1) New block to mine at height 174276 w/ difficulty of 1023455455
2018-05-07 19:49:18 (Thread 1) New block to mine at height 174277 w/ difficulty of 930596435
2018-05-07 19:49:36 (Thread 1) New block to mine at height 174278 w/ difficulty of 950658849
2018-05-07 19:49:47 (Thread 1) New block to mine at height 174279 w/ difficulty of 975157512
2018-05-07 19:50:21 (Thread 1) New block to mine at height 174280 w/ difficulty of 1002898740
2018-05-07 19:50:36 (Thread 1) New block to mine at height 174281 w/ difficulty of 1026274552
2018-05-07 19:51:42 (Thread 1) New block to mine at height 174282 w/ difficulty of 1055820750
2018-05-07 19:52:14 (Thread 1) New block to mine at height 174283 w/ difficulty of 1072203797
2018-05-07 19:52:23 (Thread 1) New block to mine at height 174284 w/ difficulty of 1099593884
2018-05-07 19:56:47 (Thread 1) New block to mine at height 174285 w/ difficulty of 1135958146
2018-05-07 20:07:53 (Thread 1) New block to mine at height 174286 w/ difficulty of 1089507462
2018-05-07 20:07:57 (Thread 1) New block to mine at height 174287 w/ difficulty of 941394112
2018-05-07 20:11:26 (Thread 1) New block to mine at height 174288 w/ difficulty of 969227900
2018-05-07 20:11:40 (Thread 1) New block to mine at height 174289 w/ difficulty of 947418715
2018-05-07 20:12:01 (Thread 1) New block to mine at height 174290 w/ difficulty of 973384254
2018-05-07 20:12:16 (Thread 1) New block to mine at height 174291 w/ difficulty of 998673927
2018-05-07 20:14:59 (Thread 1) New block to mine at height 174292 w/ difficulty of 1026661459
2018-05-07 20:17:22 (Thread 1) New block to mine at height 174293 w/ difficulty of 1014725137
2018-05-07 20:17:59 (Thread 1) New block to mine at height 174294 w/ difficulty of 1008431343
2018-05-07 20:20:03 (Thread 1) New block to mine at height 174295 w/ difficulty of 1031018224
2018-05-07 20:20:25 (Thread 1) New block to mine at height 174296 w/ difficulty of 1029818080
2018-05-07 20:23:25 (Thread 1) New block to mine at height 174297 w/ difficulty of 1058056971
2018-05-07 20:24:16 (Thread 1) New block to mine at height 174298 w/ difficulty of 1040368705
2018-05-07 20:26:24 (Thread 1) New block to mine at height 174299 w/ difficulty of 1060285589
2018-05-07 20:26:36 (Thread 1) New block to mine at height 174300 w/ difficulty of 1058183375
2018-05-07 20:30:49 (Thread 1) New block to mine at height 174301 w/ difficulty of 1090312524
2018-05-07 20:31:01 (Thread 1) New block to mine at height 174302 w/ difficulty of 1050804008
2018-05-07 20:31:33 (Thread 1) New block to mine at height 174303 w/ difficulty of 1082783501
2018-05-07 20:31:42 (Thread 1) New block to mine at height 174304 w/ difficulty of 1110614292
2018-05-07 20:33:44 (Thread 1) New block to mine at height 174305 w/ difficulty of 1148233565
2018-05-07 20:34:35 (Thread 1) New block to mine at height 174306 w/ difficulty of 1147595025
2018-05-07 20:40:03 (Thread 1) New block to mine at height 174307 w/ difficulty of 1172176751
2018-05-07 20:53:15 (Thread 1) New block to mine at height 174308 w/ difficulty of 1101122576
2018-05-07 21:01:45 (Thread 1) New block to mine at height 174309 w/ difficulty of 921110697
2018-05-07 21:02:40 (Thread 1) New block to mine at height 174310 w/ difficulty of 840842973
2018-05-07 21:02:52 (Thread 1) New block to mine at height 174311 w/ difficulty of 852126147
2018-05-07 21:05:10 (Thread 1) New block to mine at height 174312 w/ difficulty of 872990393
2018-05-07 21:05:41 (Thread 1) New block to mine at height 174313 w/ difficulty of 868912563
2018-05-07 21:06:28 (Thread 1) New block to mine at height 174314 w/ difficulty of 887041309
2018-05-07 21:07:24 (Thread 1) New block to mine at height 174315 w/ difficulty of 902573402
2018-05-07 21:08:05 (Thread 1) New block to mine at height 174316 w/ difficulty of 916886657
2018-05-07 21:08:50 (Thread 1) New block to mine at height 174317 w/ difficulty of 934781668
2018-05-07 21:09:27 (Thread 1) New block to mine at height 174318 w/ difficulty of 952969552
2018-05-07 21:10:05 (Thread 1) New block to mine at height 174319 w/ difficulty of 973752406
2018-05-07 21:10:42 (Thread 1) New block to mine at height 174320 w/ difficulty of 995270529
2018-05-07 21:12:03 (Thread 1) New block to mine at height 174321 w/ difficulty of 1017847293
2018-05-07 21:15:35 (Thread 1) New block to mine at height 174322 w/ difficulty of 1029001394
2018-05-07 21:16:52 (Thread 1) New block to mine at height 174323 w/ difficulty of 1003399278
2018-05-07 21:17:52 (Thread 1) New block to mine at height 174324 w/ difficulty of 1015136356
2018-05-07 21:20:25 (Thread 1) New block to mine at height 174325 w/ difficulty of 1032465475
2018-05-07 21:20:32 (Thread 1) New block to mine at height 174326 w/ difficulty of 1023327346
2018-05-07 21:21:48 (Thread 1) New block to mine at height 174327 w/ difficulty of 1056890684
2018-05-07 21:40:31 (Thread 1) New block to mine at height 174328 w/ difficulty of 1070469325
2018-05-07 21:55:12 (Thread 1) New block to mine at height 174329 w/ difficulty of 826968980
2018-05-07 21:56:18 (Thread 1) New block to mine at height 174330 w/ difficulty of 704662853
2018-05-07 21:56:41 (Thread 1) New block to mine at height 174331 w/ difficulty of 711075621
2018-05-07 21:56:45 (Thread 1) New block to mine at height 174332 w/ difficulty of 723454992
2018-05-07 21:57:13 (Thread 1) New block to mine at height 174333 w/ difficulty of 739798458
2018-05-07 21:58:29 (Thread 1) New block to mine at height 174334 w/ difficulty of 752989091
2018-05-07 21:58:44 (Thread 1) New block to mine at height 174335 w/ difficulty of 759339972
2018-05-07 21:59:25 (Thread 1) New block to mine at height 174336 w/ difficulty of 775808125
2018-05-07 22:01:01 (Thread 1) New block to mine at height 174337 w/ difficulty of 788978551
2018-05-07 22:01:11 (Thread 1) New block to mine at height 174338 w/ difficulty of 792722746
2018-05-07 22:01:14 (Thread 1) New block to mine at height 174339 w/ difficulty of 812487526
2018-05-07 22:01:16 (Thread 1) New block to mine at height 174340 w/ difficulty of 834855978
2018-05-07 22:01:30 (Thread 1) New block to mine at height 174341 w/ difficulty of 858915628
2018-05-07 22:01:34 (Thread 1) New block to mine at height 174342 w/ difficulty of 881911988
2018-05-07 22:02:20 (Thread 1) New block to mine at height 174343 w/ difficulty of 908768015
2018-05-07 22:02:24 (Thread 1) New block to mine at height 174344 w/ difficulty of 926893914
2018-05-07 22:02:40 (Thread 1) New block to mine at height 174345 w/ difficulty of 957007462
2018-05-07 22:03:02 (Thread 1) New block to mine at height 174346 w/ difficulty of 985954032
2018-05-07 22:04:02 (Thread 1) New block to mine at height 174347 w/ difficulty of 1014597510
2018-05-07 22:04:20 (Thread 1) New block to mine at height 174348 w/ difficulty of 1032748422
2018-05-07 22:05:16 (Thread 1) New block to mine at height 174349 w/ difficulty of 1065366297
2018-05-07 22:05:30 (Thread 1) New block to mine at height 174350 w/ difficulty of 1086577388
2018-05-07 22:07:19 (Thread 1) New block to mine at height 174351 w/ difficulty of 1124283492
2018-05-07 22:09:06 (Thread 1) New block to mine at height 174352 w/ difficulty of 1127913027
2018-05-07 22:16:07 (Thread 1) New block to mine at height 174353 w/ difficulty of 1132074768
2018-05-07 22:25:15 (Thread 1) New block to mine at height 174354 w/ difficulty of 1029929153
2018-05-07 22:26:45 (Thread 1) New block to mine at height 174355 w/ difficulty of 913154436
2018-05-07 22:29:19 (Thread 1) New block to mine at height 174356 w/ difficulty of 920442758
2018-05-07 22:33:29 (Thread 1) New block to mine at height 174357 w/ difficulty of 912360466
2018-05-07 22:36:42 (Thread 1) New block to mine at height 174358 w/ difficulty of 881391641
2018-05-07 22:37:22 (Thread 1) New block to mine at height 174359 w/ difficulty of 865231109
2018-05-07 22:37:30 (Thread 1) New block to mine at height 174360 w/ difficulty of 883033541
2018-05-07 22:37:32 (Thread 1) New block to mine at height 174361 w/ difficulty of 909460223
2018-05-07 22:38:16 (Thread 1) New block to mine at height 174362 w/ difficulty of 939310048
2018-05-07 22:41:54 (Thread 1) New block to mine at height 174363 w/ difficulty of 959963739
2018-05-07 22:42:57 (Thread 1) New block to mine at height 174364 w/ difficulty of 933886307
2018-05-07 22:43:05 (Thread 1) New block to mine at height 174365 w/ difficulty of 949397343
2018-05-07 22:44:03 (Thread 1) New block to mine at height 174366 w/ difficulty of 980266313
2018-05-07 22:44:29 (Thread 1) New block to mine at height 174367 w/ difficulty of 999157344
2018-05-07 22:45:35 (Thread 1) New block to mine at height 174368 w/ difficulty of 1028662905
2018-05-07 22:46:20 (Thread 1) New block to mine at height 174369 w/ difficulty of 1046483850
2018-05-07 22:48:10 (Thread 1) New block to mine at height 174370 w/ difficulty of 1071170008
2018-05-07 22:51:25 (Thread 1) New block to mine at height 174371 w/ difficulty of 1073516740
2018-05-07 23:04:59 (Thread 1) New block to mine at height 174372 w/ difficulty of 880605301
2018-05-07 23:07:38 (Thread 1) New block to mine at height 174373 w/ difficulty of 861764024
2018-05-07 23:07:46 (Thread 1) New block to mine at height 174374 w/ difficulty of 852657523
2018-05-07 23:08:05 (Thread 1) New block to mine at height 174375 w/ difficulty of 877583703
2018-05-07 23:08:45 (Thread 1) New block to mine at height 174376 w/ difficulty of 901418746
2018-05-07 23:10:04 (Thread 1) New block to mine at height 174377 w/ difficulty of 921056743
2018-05-07 23:10:12 (Thread 1) New block to mine at height 174378 w/ difficulty of 931189948
2018-05-07 23:10:44 (Thread 1) New block to mine at height 174379 w/ difficulty of 961230218
2018-05-07 23:11:23 (Thread 1) New block to mine at height 174380 w/ difficulty of 986040830
2018-05-07 23:14:10 (Thread 1) New block to mine at height 174381 w/ difficulty of 1009776721
2018-05-07 23:14:53 (Thread 1) New block to mine at height 174382 w/ difficulty of 995804255
2018-05-07 23:15:22 (Thread 1) New block to mine at height 174383 w/ difficulty of 1019192629
2018-05-07 23:17:12 (Thread 1) New block to mine at height 174384 w/ difficulty of 1048145330
2018-05-07 23:17:33 (Thread 1) New block to mine at height 174385 w/ difficulty of 1051760044
2018-05-07 23:18:25 (Thread 1) New block to mine at height 174386 w/ difficulty of 1085073222
2018-05-07 23:19:57 (Thread 1) New block to mine at height 174387 w/ difficulty of 1109313576
2018-05-07 23:27:16 (Thread 1) New block to mine at height 174388 w/ difficulty of 1119997206
2018-05-07 23:29:08 (Thread 1) New block to mine at height 174389 w/ difficulty of 1012384548
2018-05-07 23:36:45 (Thread 1) New block to mine at height 174390 w/ difficulty of 1014255308
2018-05-07 23:37:08 (Thread 1) New block to mine at height 174391 w/ difficulty of 920840286
2018-05-07 23:37:17 (Thread 1) New block to mine at height 174392 w/ difficulty of 945513178
2018-05-07 23:39:05 (Thread 1) New block to mine at height 174393 w/ difficulty of 974958714
2018-05-07 23:40:22 (Thread 1) New block to mine at height 174394 w/ difficulty of 977903977
2018-05-07 23:42:19 (Thread 1) New block to mine at height 174395 w/ difficulty of 989312570
2018-05-07 23:47:03 (Thread 1) New block to mine at height 174396 w/ difficulty of 989880799
2018-05-07 23:47:30 (Thread 1) New block to mine at height 174397 w/ difficulty of 945908581
2018-05-07 23:48:02 (Thread 1) New block to mine at height 174398 w/ difficulty of 969940692
2018-05-07 23:48:14 (Thread 1) New block to mine at height 174399 w/ difficulty of 994240179
2018-05-07 23:49:53 (Thread 1) New block to mine at height 174400 w/ difficulty of 1025535632
2018-05-07 23:50:40 (Thread 1) New block to mine at height 174401 w/ difficulty of 1031630766
2018-05-07 23:52:30 (Thread 1) New block to mine at height 174402 w/ difficulty of 1053734038
2018-05-07 23:53:13 (Thread 1) New block to mine at height 174403 w/ difficulty of 1056344224
2018-05-07 23:55:43 (Thread 1) New block to mine at height 174404 w/ difficulty of 1080674030
2018-05-07 23:55:53 (Thread 1) New block to mine at height 174405 w/ difficulty of 1071107500
2018-05-07 23:56:34 (Thread 1) New block to mine at height 174406 w/ difficulty of 1106784830
2018-05-07 23:59:01 (Thread 1) New block to mine at height 174407 w/ difficulty of 1133957776
2018-05-08 00:01:20 (Thread 1) New block to mine at height 174408 w/ difficulty of 1124084486
2018-05-08 00:03:31 (Thread 1) New block to mine at height 174409 w/ difficulty of 1117551571
2018-05-08 00:04:50 (Thread 1) New block to mine at height 174410 w/ difficulty of 1113203068
2018-05-08 00:14:52 (Thread 1) New block to mine at height 174411 w/ difficulty of 1127198097
2018-05-08 00:18:36 (Thread 1) New block to mine at height 174412 w/ difficulty of 980687459
2018-05-08 00:19:32 (Thread 1) New block to mine at height 174413 w/ difficulty of 953397735
2018-05-08 00:20:42 (Thread 1) New block to mine at height 174414 w/ difficulty of 969576283
2018-05-08 00:21:16 (Thread 1) New block to mine at height 174415 w/ difficulty of 982715593
2018-05-08 00:21:41 (Thread 1) New block to mine at height 174416 w/ difficulty of 1006033144
2018-05-08 00:24:45 (Thread 1) New block to mine at height 174417 w/ difficulty of 1033058456
2018-05-08 00:27:58 (Thread 1) New block to mine at height 174418 w/ difficulty of 1014767463
2018-05-08 00:30:22 (Thread 1) New block to mine at height 174419 w/ difficulty of 994496462
2018-05-08 00:33:04 (Thread 1) New block to mine at height 174420 w/ difficulty of 988386995
2018-05-08 00:34:07 (Thread 1) New block to mine at height 174421 w/ difficulty of 977102049
2018-05-08 00:37:13 (Thread 1) New block to mine at height 174422 w/ difficulty of 992046217
2018-05-08 00:41:55 (Thread 1) New block to mine at height 174423 w/ difficulty of 975128591
2018-05-08 00:43:28 (Thread 1) New block to mine at height 174424 w/ difficulty of 934495449
2018-05-08 00:45:08 (Thread 1) New block to mine at height 174425 w/ difficulty of 940761861
2018-05-08 00:45:37 (Thread 1) New block to mine at height 174426 w/ difficulty of 945609952
2018-05-08 00:46:02 (Thread 1) New block to mine at height 174427 w/ difficulty of 968583467
2018-05-08 00:47:28 (Thread 1) New block to mine at height 174428 w/ difficulty of 993508355
2018-05-08 00:49:36 (Thread 1) New block to mine at height 174429 w/ difficulty of 1002912640
2018-05-08 00:49:56 (Thread 1) New block to mine at height 174430 w/ difficulty of 1000258980
2018-05-08 00:50:55 (Thread 1) New block to mine at height 174431 w/ difficulty of 1028282798
2018-05-08 00:53:32 (Thread 1) New block to mine at height 174432 w/ difficulty of 1046116858
2018-05-08 00:58:00 (Thread 1) New block to mine at height 174433 w/ difficulty of 1035657674
2018-05-08 01:02:32 (Thread 1) New block to mine at height 174434 w/ difficulty of 993529193
2018-05-08 01:06:39 (Thread 1) New block to mine at height 174435 w/ difficulty of 954701498
2018-05-08 01:12:07 (Thread 1) New block to mine at height 174436 w/ difficulty of 924172171
2018-05-08 01:15:02 (Thread 1) New block to mine at height 174437 w/ difficulty of 878389472
2018-05-08 01:15:23 (Thread 1) New block to mine at height 174438 w/ difficulty of 866933478
2018-05-08 01:15:43 (Thread 1) New block to mine at height 174439 w/ difficulty of 887743726
2018-05-08 01:16:23 (Thread 1) New block to mine at height 174440 w/ difficulty of 909590317
2018-05-08 01:16:31 (Thread 1) New block to mine at height 174441 w/ difficulty of 927381842
2018-05-08 01:17:18 (Thread 1) New block to mine at height 174442 w/ difficulty of 954797057
2018-05-08 01:19:14 (Thread 1) New block to mine at height 174443 w/ difficulty of 972995005
2018-05-08 01:19:59 (Thread 1) New block to mine at height 174444 w/ difficulty of 974163650
2018-05-08 01:20:06 (Thread 1) New block to mine at height 174445 w/ difficulty of 993626996
2018-05-08 01:20:33 (Thread 1) New block to mine at height 174446 w/ difficulty of 1025337424
2018-05-08 01:21:13 (Thread 1) New block to mine at height 174447 w/ difficulty of 1052724759
2018-05-08 01:22:45 (Thread 1) New block to mine at height 174448 w/ difficulty of 1077464777
2018-05-08 01:22:49 (Thread 1) New block to mine at height 174449 w/ difficulty of 1085927564
2018-05-08 01:24:31 (Thread 1) New block to mine at height 174450 w/ difficulty of 1124585498
2018-05-08 01:27:17 (Thread 1) New block to mine at height 174451 w/ difficulty of 1130826820
2018-05-08 01:27:31 (Thread 1) New block to mine at height 174452 w/ difficulty of 1114492488
2018-05-08 01:30:11 (Thread 1) New block to mine at height 174453 w/ difficulty of 1150851207
2018-05-08 01:30:35 (Thread 1) New block to mine at height 174454 w/ difficulty of 1136490951
2018-05-08 01:47:13 (Thread 1) New block to mine at height 174455 w/ difficulty of 1170736836
2018-05-08 01:48:57 (Thread 1) New block to mine at height 174456 w/ difficulty of 915392574
2018-05-08 01:50:29 (Thread 1) New block to mine at height 174457 w/ difficulty of 918882695
2018-05-08 01:51:02 (Thread 1) New block to mine at height 174458 w/ difficulty of 925290731
2018-05-08 01:57:07 (Thread 1) New block to mine at height 174459 w/ difficulty of 878241618
2018-05-08 01:58:43 (Thread 1) New block to mine at height 174460 w/ difficulty of 889640825
2018-05-08 02:00:56 (Thread 1) New block to mine at height 174461 w/ difficulty of 894543615
2018-05-08 02:02:04 (Thread 1) New block to mine at height 174462 w/ difficulty of 891422944
2018-05-08 02:02:08 (Thread 1) New block to mine at height 174463 w/ difficulty of 902778037
2018-05-08 02:03:05 (Thread 1) New block to mine at height 174464 w/ difficulty of 928996465
2018-05-08 02:03:43 (Thread 1) New block to mine at height 174465 w/ difficulty of 943760424
2018-05-08 02:03:54 (Thread 1) New block to mine at height 174466 w/ difficulty of 964467104
2018-05-08 02:04:00 (Thread 1) New block to mine at height 174467 w/ difficulty of 993248274
2018-05-08 02:04:49 (Thread 1) New block to mine at height 174468 w/ difficulty of 1025400748
2018-05-08 02:21:08 (Thread 1) New block to mine at height 174469 w/ difficulty of 1046567930
2018-05-08 02:26:45 (Thread 1) New block to mine at height 174470 w/ difficulty of 837157304
2018-05-08 02:29:32 (Thread 1) New block to mine at height 174471 w/ difficulty of 797058216
2018-05-08 02:29:57 (Thread 1) New block to mine at height 174472 w/ difficulty of 787541993
2018-05-08 02:30:01 (Thread 1) New block to mine at height 174473 w/ difficulty of 803499536
2018-05-08 02:30:08 (Thread 1) New block to mine at height 174474 w/ difficulty of 824777210
2018-05-08 02:30:23 (Thread 1) New block to mine at height 174475 w/ difficulty of 846787002
2018-05-08 02:31:52 (Thread 1) New block to mine at height 174476 w/ difficulty of 868458655
2018-05-08 02:32:24 (Thread 1) New block to mine at height 174477 w/ difficulty of 875164871
2018-05-08 02:32:35 (Thread 1) New block to mine at height 174478 w/ difficulty of 894652009
2018-05-08 02:33:25 (Thread 1) New block to mine at height 174479 w/ difficulty of 920240141
2018-05-08 02:34:53 (Thread 1) New block to mine at height 174480 w/ difficulty of 937505225
2018-05-08 02:35:58 (Thread 1) New block to mine at height 174481 w/ difficulty of 945350752
2018-05-08 02:36:19 (Thread 1) New block to mine at height 174482 w/ difficulty of 959644663
2018-05-08 02:37:03 (Thread 1) New block to mine at height 174483 w/ difficulty of 986570463
2018-05-08 02:38:13 (Thread 1) New block to mine at height 174484 w/ difficulty of 1008248295
2018-05-08 02:38:18 (Thread 1) New block to mine at height 174485 w/ difficulty of 1022888025
2018-05-08 02:41:48 (Thread 1) New block to mine at height 174486 w/ difficulty of 1058719972
2018-05-08 02:42:07 (Thread 1) New block to mine at height 174487 w/ difficulty of 1030014595
2018-05-08 02:42:49 (Thread 1) New block to mine at height 174488 w/ difficulty of 1061447771
2018-05-08 02:42:52 (Thread 1) New block to mine at height 174489 w/ difficulty of 1087326622
2018-05-08 02:48:34 (Thread 1) New block to mine at height 174490 w/ difficulty of 1128048541
2018-05-08 02:49:26 (Thread 1) New block to mine at height 174491 w/ difficulty of 1052580848
2018-05-08 02:50:39 (Thread 1) New block to mine at height 174492 w/ difficulty of 1073435751
2018-05-08 02:51:38 (Thread 1) New block to mine at height 174493 w/ difficulty of 1089693187
2018-05-08 02:53:09 (Thread 1) New block to mine at height 174494 w/ difficulty of 1110561956
2018-05-08 02:56:04 (Thread 1) New block to mine at height 174495 w/ difficulty of 1120822267
2018-05-08 02:58:51 (Thread 1) New block to mine at height 174496 w/ difficulty of 1101063551
2018-05-08 02:59:31 (Thread 1) New block to mine at height 174497 w/ difficulty of 1084670679
2018-05-08 03:00:30 (Thread 1) New block to mine at height 174498 w/ difficulty of 1111190359
2018-05-08 03:04:03 (Thread 1) New block to mine at height 174499 w/ difficulty of 1131872158
2018-05-08 03:11:45 (Thread 1) New block to mine at height 174500 w/ difficulty of 1098420483
2018-05-08 03:14:07 (Thread 1) New block to mine at height 174501 w/ difficulty of 994290654
2018-05-08 03:14:52 (Thread 1) New block to mine at height 174502 w/ difficulty of 987368293
2018-05-08 03:17:19 (Thread 1) New block to mine at height 174503 w/ difficulty of 1008313143
2018-05-08 03:19:44 (Thread 1) New block to mine at height 174504 w/ difficulty of 1001219196
2018-05-08 03:20:10 (Thread 1) New block to mine at height 174505 w/ difficulty of 994235435
2018-05-08 03:22:48 (Thread 1) New block to mine at height 174506 w/ difficulty of 1020646053
2018-05-08 03:23:43 (Thread 1) New block to mine at height 174507 w/ difficulty of 1009720399
2018-05-08 03:23:49 (Thread 1) New block to mine at height 174508 w/ difficulty of 1028140016
2018-05-08 03:23:59 (Thread 1) New block to mine at height 174509 w/ difficulty of 1062751027
2018-05-08 03:24:33 (Thread 1) New block to mine at height 174510 w/ difficulty of 1098440416
2018-05-08 03:26:39 (Thread 1) New block to mine at height 174511 w/ difficulty of 1128092348
2018-05-08 03:39:08 (Thread 1) New block to mine at height 174512 w/ difficulty of 1125950534
2018-05-08 03:41:30 (Thread 1) New block to mine at height 174513 w/ difficulty of 941124784
2018-05-08 03:42:03 (Thread 1) New block to mine at height 174514 w/ difficulty of 935593563
2018-05-08 03:42:12 (Thread 1) New block to mine at height 174515 w/ difficulty of 957018503
2018-05-08 03:42:21 (Thread 1) New block to mine at height 174516 w/ difficulty of 986406685
2018-05-08 03:44:50 (Thread 1) New block to mine at height 174517 w/ difficulty of 1017527826
2018-05-08 03:46:04 (Thread 1) New block to mine at height 174518 w/ difficulty of 1008740161
2018-05-08 03:46:49 (Thread 1) New block to mine at height 174519 w/ difficulty of 1021854023
2018-05-08 03:48:23 (Thread 1) New block to mine at height 174520 w/ difficulty of 1043919639
2018-05-08 03:52:13 (Thread 1) New block to mine at height 174521 w/ difficulty of 1051570284
2018-05-08 03:53:51 (Thread 1) New block to mine at height 174522 w/ difficulty of 1018338713
2018-05-08 03:54:06 (Thread 1) New block to mine at height 174523 w/ difficulty of 1024534364
2018-05-08 03:54:07 (Thread 1) New block to mine at height 174524 w/ difficulty of 1056345185
2018-05-08 03:55:46 (Thread 1) New block to mine at height 174525 w/ difficulty of 1093345861
2018-05-08 03:56:16 (Thread 1) New block to mine at height 174526 w/ difficulty of 1100296306
2018-05-08 03:57:27 (Thread 1) New block to mine at height 174527 w/ difficulty of 1131036189
2018-05-08 03:57:38 (Thread 1) New block to mine at height 174528 w/ difficulty of 1148070372
2018-05-08 03:57:54 (Thread 1) New block to mine at height 174529 w/ difficulty of 1187918021
2018-05-08 04:00:51 (Thread 1) New block to mine at height 174530 w/ difficulty of 1228777482
2018-05-08 04:20:10 (Thread 1) New block to mine at height 174531 w/ difficulty of 1204677334
2018-05-08 04:20:19 (Thread 1) New block to mine at height 174532 w/ difficulty of 900247963
2018-05-08 04:20:27 (Thread 1) New block to mine at height 174533 w/ difficulty of 925462168
2018-05-08 04:20:34 (Thread 1) New block to mine at height 174534 w/ difficulty of 952247480
2018-05-08 04:22:05 (Thread 1) New block to mine at height 174535 w/ difficulty of 980983596
2018-05-08 04:25:17 (Thread 1) New block to mine at height 174536 w/ difficulty of 988725280
2018-05-08 04:27:36 (Thread 1) New block to mine at height 174537 w/ difficulty of 970355621
2018-05-08 04:32:00 (Thread 1) New block to mine at height 174538 w/ difficulty of 966118576
2018-05-08 04:42:10 (Thread 1) New block to mine at height 174539 w/ difficulty of 931783715
2018-05-08 04:43:41 (Thread 1) New block to mine at height 174540 w/ difficulty of 831487628
2018-05-08 04:44:23 (Thread 1) New block to mine at height 174541 w/ difficulty of 836671091
2018-05-08 04:44:52 (Thread 1) New block to mine at height 174542 w/ difficulty of 851073118
2018-05-08 04:44:57 (Thread 1) New block to mine at height 174543 w/ difficulty of 868253298
2018-05-08 04:45:52 (Thread 1) New block to mine at height 174544 w/ difficulty of 891885704
2018-05-08 04:47:31 (Thread 1) New block to mine at height 174545 w/ difficulty of 905850779
2018-05-08 04:48:13 (Thread 1) New block to mine at height 174546 w/ difficulty of 909995641
2018-05-08 04:48:32 (Thread 1) New block to mine at height 174547 w/ difficulty of 927573691
2018-05-08 04:49:33 (Thread 1) New block to mine at height 174548 w/ difficulty of 951115431
2018-05-08 04:49:45 (Thread 1) New block to mine at height 174549 w/ difficulty of 965531360
2018-05-08 04:50:50 (Thread 1) New block to mine at height 174550 w/ difficulty of 993326212
2018-05-08 04:51:48 (Thread 1) New block to mine at height 174551 w/ difficulty of 1008065844
2018-05-08 04:52:27 (Thread 1) New block to mine at height 174552 w/ difficulty of 1025347922
2018-05-08 04:55:24 (Thread 1) New block to mine at height 174553 w/ difficulty of 1048882456
2018-05-08 04:58:07 (Thread 1) New block to mine at height 174554 w/ difficulty of 1032047181
2018-05-08 05:01:19 (Thread 1) New block to mine at height 174555 w/ difficulty of 1019655950
2018-05-08 05:03:50 (Thread 1) New block to mine at height 174556 w/ difficulty of 1000128966
2018-05-08 05:06:16 (Thread 1) New block to mine at height 174557 w/ difficulty of 991641005
2018-05-08 05:09:04 (Thread 1) New block to mine at height 174558 w/ difficulty of 984081857
